#
# There is insufficient memory for the Java Runtime Environment to continue.
# Native memory allocation (mmap) failed to map 134217728 bytes. Error detail: G1 virtual space
# Possible reasons:
#   The system is out of physical RAM or swap space
#   This process is running with CompressedOops enabled, and the Java Heap may be blocking the growth of the native heap
# Possible solutions:
#   Reduce memory load on the system
#   Increase physical memory or swap space
#   Check if swap backing store is full
#   Decrease Java heap size (-Xmx/-Xms)
#   Decrease number of Java threads
#   Decrease Java thread stack sizes (-Xss)
#   Set larger code cache with -XX:ReservedCodeCacheSize=
#   JVM is running with Unscaled Compressed Oops mode in which the Java heap is
#     placed in the first 4GB address space. The Java Heap base address is the
#     maximum limit for the native heap growth. Please use -XX:HeapBaseMinAddress
#     to set the Java Heap base and to place the Java Heap above 4GB virtual address.
# This output file may be truncated or incomplete.
#
#  Out of Memory Error (os_windows.cpp:3828), pid=16176, tid=17356
#
# JRE version:  (21.0.5) (build )
# Java VM: OpenJDK 64-Bit Server VM (21.0.5+-13047016-b750.29, mixed mode, sharing, tiered, compressed oops, compressed class ptrs, g1 gc, windows-amd64)
# No core dump will be written. Minidumps are not enabled by default on client versions of Windows
#

---------------  S U M M A R Y ------------

Command Line: org.jetbrains.kotlin.cli.jvm.K2JVMCompiler @C:\Users\manuel\AndroidStudioProjects\MiRutinaInteractiva\app\build\20251108_10026062305727592731.compiler.options

Host: AMD Ryzen 7 2700X Eight-Core Processor         , 16 cores, 7G,  Windows 11 , 64 bit Build 22621 (10.0.22621.5415)
Time: Sat Nov  8 20:45:43 2025 Hora est. Pacífico, Sudamérica elapsed time: 0.013751 seconds (0d 0h 0m 0s)

---------------  T H R E A D  ---------------

Current thread (0x0000027b98aaf410):  JavaThread "Unknown thread" [_thread_in_vm, id=17356, stack(0x000000c9df900000,0x000000c9dfa00000) (1024K)]

Stack: [0x000000c9df900000,0x000000c9dfa00000]
Native frames: (J=compiled Java code, j=interpreted, Vv=VM code, C=native code)
V  [jvm.dll+0x6cfb29]
V  [jvm.dll+0x85df93]
V  [jvm.dll+0x8604ee]
V  [jvm.dll+0x860bd3]
V  [jvm.dll+0x27e6b6]
V  [jvm.dll+0x6cc385]
V  [jvm.dll+0x6c078a]
V  [jvm.dll+0x35525b]
V  [jvm.dll+0x35ceb6]
V  [jvm.dll+0x3aedd6]
V  [jvm.dll+0x3af0a8]
V  [jvm.dll+0x32792c]
V  [jvm.dll+0x32861b]
V  [jvm.dll+0x8259d9]
V  [jvm.dll+0x3bbfa8]
V  [jvm.dll+0x80ec88]
V  [jvm.dll+0x45015e]
V  [jvm.dll+0x4518c1]
C  [jli.dll+0x52ab]
C  [ucrtbase.dll+0x29333]
C  [KERNEL32.DLL+0x1259d]
C  [ntdll.dll+0x5af78]


---------------  P R O C E S S  ---------------

Threads class SMR info:
_java_thread_list=0x00007ffd51df0808, length=0, elements={
}

Java Threads: ( => current thread )
Total: 0

Other Threads:
  0x0000027b9adb1f80 WorkerThread "GC Thread#0"                     [id=9052, stack(0x000000c9dfa00000,0x000000c9dfb00000) (1024K)]
  0x0000027b9adc3720 ConcurrentGCThread "G1 Main Marker"            [id=19508, stack(0x000000c9dfb00000,0x000000c9dfc00000) (1024K)]
  0x0000027b9adc4230 WorkerThread "G1 Conc#0"                       [id=16800, stack(0x000000c9dfc00000,0x000000c9dfd00000) (1024K)]

[error occurred during error reporting (printing all threads), id 0xc0000005, EXCEPTION_ACCESS_VIOLATION (0xc0000005) at pc=0x00007ffd515ea967]
VM state: not at safepoint (not fully initialized)

VM Mutex/Monitor currently owned by a thread:  ([mutex/lock_event])
[0x00007ffd51e5d460] Heap_lock - owner thread: 0x0000027b98aaf410

Heap address: 0x0000000080e00000, size: 2034 MB, Compressed Oops mode: 32-bit

CDS archive(s) mapped at: [0x0000000000000000-0x0000000000000000-0x0000000000000000), size 0, SharedBaseAddress: 0x0000000800000000, ArchiveRelocationMode: 1.
Narrow klass base: 0x0000000000000000, Narrow klass shift: 0, Narrow klass range: 0x0

GC Precious Log:
 CardTable entry size: 512
 Card Set container configuration: InlinePtr #cards 5 size 8 Array Of Cards #cards 12 size 40 Howl #buckets 4 coarsen threshold 1843 Howl Bitmap #cards 512 size 80 coarsen threshold 460 Card regions per heap region 1 cards per card region 2048

Heap:
 garbage-first heap   total 0K, used 0K [0x0000000080e00000, 0x0000000100000000)
  region size 1024K, 0 young (0K), 0 survivors (0K)
 Metaspace       used 0K, committed 0K, reserved 0K
  class space    used 0K, committed 0K, reserved 0K

Heap Regions: E=young(eden), S=young(survivor), O=old, HS=humongous(starts), HC=humongous(continues), CS=collection set, F=free, TAMS=top-at-mark-start, PB=parsable bottom

Card table byte_map: [0x0000027badb30000,0x0000027badf30000] _byte_map_base: 0x0000027bad729000

Marking Bits: (CMBitMap*) 0x0000027b9adb2680
 Bits: [0x0000027badf30000, 0x0000027bafef8000)

GC Heap History (0 events):
No events

Dll operation events (1 events):
Event: 0.008 Loaded shared library E:\Android Studio\jbr\bin\java.dll

Deoptimization events (0 events):
No events

Classes loaded (0 events):
No events

Classes unloaded (0 events):
No events

Classes redefined (0 events):
No events

Internal exceptions (0 events):
No events

ZGC Phase Switch (0 events):
No events

VM Operations (0 events):
No events

Memory protections (0 events):
No events

Nmethod flushes (0 events):
No events

Events (0 events):
No events


Dynamic libraries:
0x00007ff6c04d0000 - 0x00007ff6c04da000 	E:\Android Studio\jbr\bin\java.exe
0x00007ffdb8f90000 - 0x00007ffdb91a7000 	C:\WINDOWS\SYSTEM32\ntdll.dll
0x00007ffdb6c20000 - 0x00007ffdb6ce4000 	C:\WINDOWS\System32\KERNEL32.DLL
0x00007ffdb6480000 - 0x00007ffdb6850000 	C:\WINDOWS\System32\KERNELBASE.dll
0x00007ffdb6880000 - 0x00007ffdb6991000 	C:\WINDOWS\System32\ucrtbase.dll
0x00007ffd97850000 - 0x00007ffd97868000 	E:\Android Studio\jbr\bin\jli.dll
0x00007ffd81840000 - 0x00007ffd8185b000 	E:\Android Studio\jbr\bin\VCRUNTIME140.dll
0x00007ffdb75b0000 - 0x00007ffdb7761000 	C:\WINDOWS\System32\USER32.dll
0x00007ffdb6090000 - 0x00007ffdb60b6000 	C:\WINDOWS\System32\win32u.dll
0x00007ffd9c470000 - 0x00007ffd9c70c000 	C:\WINDOWS\WinSxS\amd64_microsoft.windows.common-controls_6595b64144ccf1df_6.0.22621.5840_none_2710ea077384a4fe\COMCTL32.dll
0x00007ffdb7070000 - 0x00007ffdb7099000 	C:\WINDOWS\System32\GDI32.dll
0x00007ffdb6fc0000 - 0x00007ffdb7067000 	C:\WINDOWS\System32\msvcrt.dll
0x00007ffdb60c0000 - 0x00007ffdb61e3000 	C:\WINDOWS\System32\gdi32full.dll
0x00007ffdb61f0000 - 0x00007ffdb628a000 	C:\WINDOWS\System32\msvcp_win.dll
0x00007ffdb7ce0000 - 0x00007ffdb7d11000 	C:\WINDOWS\System32\IMM32.DLL
0x00007ffd8e500000 - 0x00007ffd8e50c000 	E:\Android Studio\jbr\bin\vcruntime140_1.dll
0x00007ffd6d630000 - 0x00007ffd6d6bd000 	E:\Android Studio\jbr\bin\msvcp140.dll
0x00007ffd512b0000 - 0x00007ffd51f3a000 	E:\Android Studio\jbr\bin\server\jvm.dll
0x00007ffdb6d10000 - 0x00007ffdb6dc1000 	C:\WINDOWS\System32\ADVAPI32.dll
0x00007ffdb6f10000 - 0x00007ffdb6fb8000 	C:\WINDOWS\System32\sechost.dll
0x00007ffdb6850000 - 0x00007ffdb6878000 	C:\WINDOWS\System32\bcrypt.dll
0x00007ffdb7140000 - 0x00007ffdb7258000 	C:\WINDOWS\System32\RPCRT4.dll
0x00007ffdb85d0000 - 0x00007ffdb8641000 	C:\WINDOWS\System32\WS2_32.dll
0x00007ffdad820000 - 0x00007ffdad854000 	C:\WINDOWS\SYSTEM32\WINMM.dll
0x00007ffdae9a0000 - 0x00007ffdae9aa000 	C:\WINDOWS\SYSTEM32\VERSION.dll
0x00007ffdb58e0000 - 0x00007ffdb592d000 	C:\WINDOWS\SYSTEM32\POWRPROF.dll
0x00007ffdb58c0000 - 0x00007ffdb58d3000 	C:\WINDOWS\SYSTEM32\UMPDC.dll
0x00007ffdb5060000 - 0x00007ffdb5078000 	C:\WINDOWS\SYSTEM32\kernel.appcore.dll
0x00007ffd84960000 - 0x00007ffd8496a000 	E:\Android Studio\jbr\bin\jimage.dll
0x00007ffda7360000 - 0x00007ffda7593000 	C:\WINDOWS\SYSTEM32\DBGHELP.DLL
0x00007ffdb8890000 - 0x00007ffdb8c21000 	C:\WINDOWS\System32\combase.dll
0x00007ffdb7770000 - 0x00007ffdb7848000 	C:\WINDOWS\System32\OLEAUT32.dll
0x00007ffd9c220000 - 0x00007ffd9c252000 	C:\WINDOWS\SYSTEM32\dbgcore.DLL
0x00007ffdb69a0000 - 0x00007ffdb6a1b000 	C:\WINDOWS\System32\bcryptPrimitives.dll
0x00007ffd81820000 - 0x00007ffd81840000 	E:\Android Studio\jbr\bin\java.dll

dbghelp: loaded successfully - version: 4.0.5 - missing functions: none
symbol engine: initialized successfully - sym options: 0x614 - pdb path: .;E:\Android Studio\jbr\bin;C:\WINDOWS\SYSTEM32;C:\WINDOWS\WinSxS\amd64_microsoft.windows.common-controls_6595b64144ccf1df_6.0.22621.5840_none_2710ea077384a4fe;E:\Android Studio\jbr\bin\server

VM Arguments:
java_command: org.jetbrains.kotlin.cli.jvm.K2JVMCompiler @C:\Users\manuel\AndroidStudioProjects\MiRutinaInteractiva\app\build\20251108_10026062305727592731.compiler.options
java_class_path (initial): C:\Users\manuel\.gradle\caches\modules-2\files-2.1\org.jetbrains.kotlin\kotlin-compiler-embeddable\2.0.21\79346ed53db48b18312a472602eb5c057070c54d\kotlin-compiler-embeddable-2.0.21.jar;C:\Users\manuel\.gradle\caches\modules-2\files-2.1\org.jetbrains.kotlin\kotlin-stdlib\2.0.21\618b539767b4899b4660a83006e052b63f1db551\kotlin-stdlib-2.0.21.jar;C:\Users\manuel\.gradle\caches\modules-2\files-2.1\org.jetbrains.kotlin\kotlin-script-runtime\2.0.21\c9b044380ad41f89aa89aa896c2d32a8c0b2129d\kotlin-script-runtime-2.0.21.jar;C:\Users\manuel\.gradle\caches\modules-2\files-2.1\org.jetbrains.kotlin\kotlin-reflect\1.6.10\1cbe9c92c12a94eea200d23c2bbaedaf3daf5132\kotlin-reflect-1.6.10.jar;C:\Users\manuel\.gradle\caches\modules-2\files-2.1\org.jetbrains.kotlin\kotlin-daemon-embeddable\2.0.21\c9e933b23287de9b5a17e2116b4657bb91aea72c\kotlin-daemon-embeddable-2.0.21.jar;C:\Users\manuel\.gradle\caches\modules-2\files-2.1\org.jetbrains.intellij.deps\trove4j\1.0.20200330\3afb14d5f9ceb459d724e907a21145e8ff394f02\trove4j-1.0.20200330.jar;C:\Users\manuel\.gradle\caches\modules-2\files-2.1\org.jetbrains.kotlinx\kotlinx-coroutines-core-jvm\1.6.4\2c997cd1c0ef33f3e751d3831929aeff1390cb30\kotlinx-coroutines-core-jvm-1.6.4.jar;C:\Users\manuel\.gradle\caches\modules-2\files-2.1\org.jetbrains\annotations\13.0\919f0dfe192fb4e063e7dacadee7f8bb9a2672a9\annotations-13.0.jar
Launcher Type: SUN_STANDARD

[Global flags]
     intx CICompilerCount                          = 12                                        {product} {ergonomic}
     uint ConcGCThreads                            = 3                                         {product} {ergonomic}
     uint G1ConcRefinementThreads                  = 13                                        {product} {ergonomic}
   size_t G1HeapRegionSize                         = 1048576                                   {product} {ergonomic}
    uintx GCDrainStackTargetSize                   = 64                                        {product} {ergonomic}
   size_t InitialHeapSize                          = 134217728                                 {product} {ergonomic}
   size_t MarkStackSize                            = 4194304                                   {product} {ergonomic}
   size_t MaxHeapSize                              = 2132803584                                {product} {ergonomic}
   size_t MinHeapDeltaBytes                        = 1048576                                   {product} {ergonomic}
   size_t MinHeapSize                              = 8388608                                   {product} {ergonomic}
    uintx NonNMethodCodeHeapSize                   = 7602480                                {pd product} {ergonomic}
    uintx NonProfiledCodeHeapSize                  = 122027880                              {pd product} {ergonomic}
    uintx ProfiledCodeHeapSize                     = 122027880                              {pd product} {ergonomic}
    uintx ReservedCodeCacheSize                    = 251658240                              {pd product} {ergonomic}
     bool SegmentedCodeCache                       = true                                      {product} {ergonomic}
   size_t SoftMaxHeapSize                          = 2132803584                             {manageable} {ergonomic}
     bool UseCompressedOops                        = true                           {product lp64_product} {ergonomic}
     bool UseG1GC                                  = true                                      {product} {ergonomic}
     bool UseLargePagesIndividualAllocation        = false                                  {pd product} {ergonomic}

Logging:
Log output configuration:
 #0: stdout all=warning uptime,level,tags foldmultilines=false
 #1: stderr all=off uptime,level,tags foldmultilines=false

Environment Variables:
JAVA_HOME=C:\Program Files\Java\jdk-21
PATH=C:\Program Files (x86)\Razer Chroma SDK\bin;C:\Program Files\Razer Chroma SDK\bin;C:\Program Files (x86)\Razer\ChromaBroadcast\bin;C:\Program Files\Razer\ChromaBroadcast\bin;C:\oraclexe\app\oracle\product\11.2.0\server\bin;C:\Program Files (x86)\Common Files\Intel\Shared Libraries\redist\intel64\compiler;C:\Program Files\Common Files\Oracle\Java\javapath;C:\Program Files (x86)\Common Files\Oracle\Java\javapath;C:\ProgramData\Oracle\Java\javapath;C:\WINDOWS\system32;C:\WINDOWS;C:\WINDOWS\System32\Wbem;C:\WINDOWS\System32\WindowsPowerShell\v1.0\;C:\WINDOWS\System32\OpenSSH\;C:\Program Files\dotnet\;C:\Program Files\Git\cmd;C:\Program Files (x86)\NVIDIA Corporation\PhysX\Common;C:\WINDOWS\system32\config\systemprofile\AppData\Local\Microsoft\WindowsApps;C:\Users\manuel\AppData\Local\Programs\Python\Python311\Scripts\;C:\Users\manuel\AppData\Local\Programs\Python\Python311\;C:\Users\manuel\AppData\Local\Microsoft\WindowsApps;C:\Users\manuel\AppData\Local\Programs\Microsoft VS Code\bin;C:\MinGW\bin;C:\Program Files\PostgreSQL\17\bin;C:\Program Files\NVIDIA Corporation\NVIDIA app\NvDLISR;C:\Users\manuel\AppData\Local\nvm;C:\nvm4w\nodejs;C:\Users\manuel\AppData\Local\Programs\Python\Python311\Scripts\;C:\Users\manuel\AppData\Local\Programs\Python\Python311\;C:\Users\manuel\AppData\Local\Microsoft\WindowsApps;C:\Users\manuel\AppData\Local\Programs\Microsoft VS Code\bin;C:\MinGW\bin;C:\Users\manuel\AppData\Roaming\npm;C:\Program Files\apache-maven-3.9.9\bin;C:\Program Files\PostgreSQL\17\bin;C:\Users\manuel\AppData\Local\nvm;C:\nvm4w\nodejs;E:\Programs\WebStorm 2025.1.4.1\bin;
USERNAME=manuel
OS=Windows_NT
PROCESSOR_IDENTIFIER=AMD64 Family 23 Model 8 Stepping 2, AuthenticAMD
TMP=C:\Users\manuel\AppData\Local\Temp
TEMP=C:\Users\manuel\AppData\Local\Temp




Periodic native trim disabled

JNI global refs:
JNI global refs: 0, weak refs: 0

JNI global refs memory usage: 0, weak refs: 0

Process memory usage:
Resident Set Size: 11780K (0% of 8330692K total physical memory with 253944K free physical memory)

OOME stack traces (most recent first):
Classloader memory used:

---------------  S Y S T E M  ---------------

OS:
 Windows 11 , 64 bit Build 22621 (10.0.22621.5415)
OS uptime: 0 days 0:55 hours

CPU: total 16 (initial active 16) (16 cores per cpu, 2 threads per core) family 23 model 8 stepping 2 microcode 0x0, cx8, cmov, fxsr, ht, mmx, 3dnowpref, sse, sse2, sse3, ssse3, sse4a, sse4.1, sse4.2, popcnt, lzcnt, tsc, tscinvbit, avx, avx2, aes, clmul, bmi1, bmi2, adx, sha, fma, vzeroupper, clflush, clflushopt, rdtscp, f16c
Processor Information for all 16 processors :
  Max Mhz: 3700, Current Mhz: 3700, Mhz Limit: 3700

Memory: 4k page, system-wide physical 8135M (247M free)
TotalPageFile size 16032M (AvailPageFile size 29M)
current process WorkingSet (physical memory assigned to process): 11M, peak: 11M
current process commit charge ("private bytes"): 70M, peak: 198M

vm_info: OpenJDK 64-Bit Server VM (21.0.5+-13047016-b750.29) for windows-amd64 JRE (21.0.5+-13047016-b750.29), built on 2025-02-11T21:12:39Z by "builder" with MS VC++ 16.10 / 16.11 (VS2019)

END.
